<?xml version="1.0" encoding="UTF-8"?>
<!-- Generated by org.testng.reporters.JUnitReportReporter -->
<testsuite hostname="DESKTOP-0BH1UMI" failures="0" tests="6" name="tests.FlipkartShoppingTest" time="0.958" errors="0" timestamp="2024-03-10T16:51:43 IST" skipped="5">
  <testcase classname="tests.FlipkartShoppingTest" name="openFlipkartWebsite" time="0.958"/>
  <testcase classname="tests.FlipkartShoppingTest" name="proceedToCheckout">
    <skipped/>
  </testcase> <!-- proceedToCheckout -->
  <testcase classname="tests.FlipkartShoppingTest" name="shippingInformation">
    <skipped/>
  </testcase> <!-- shippingInformation -->
  <testcase classname="tests.FlipkartShoppingTest" name="userAuthentication">
    <skipped/>
  </testcase> <!-- userAuthentication -->
  <testcase classname="tests.FlipkartShoppingTest" name="paymentInformation">
    <skipped/>
  </testcase> <!-- paymentInformation -->
  <testcase classname="tests.FlipkartShoppingTest" name="reviewOrder">
    <skipped/>
  </testcase> <!-- reviewOrder -->
</testsuite> <!-- tests.FlipkartShoppingTest -->
