<?xml version="1.0" encoding="UTF-8"?>
<!-- Generated by org.testng.reporters.JUnitReportReporter -->
<testsuite hostname="DESKTOP-0BH1UMI" failures="0" tests="1" name="tests.AppTest" time="3.083" errors="0" timestamp="2024-03-10T18:49:30 IST" skipped="0">
  <testcase classname="tests.AppTest" name="testMailExample" time="3.083"/>
</testsuite> <!-- tests.AppTest -->
