<?xml version="1.0" encoding="UTF-8"?>
<!-- Generated by org.testng.reporters.JUnitReportReporter -->
<testsuite hostname="DESKTOP-0BH1UMI" failures="0" tests="2" name="tests.Sample" time="0.955" errors="0" timestamp="2024-03-11T19:27:38 IST" skipped="0">
  <testcase classname="tests.Sample" name="Test2" time="0.346"/>
  <testcase classname="tests.Sample" name="Test" time="0.609"/>
</testsuite> <!-- tests.Sample -->
